<?xml version="1.0" encoding="UTF-8"?>
<!-- Generated by org.testng.reporters.JUnitXMLReporter -->
<testsuite ignored="0" hostname="Shaik" failures="0" tests="3" name="Default test" time="8.742" errors="0" timestamp="2025-08-07T13:53:13 IST">
  <testcase classname="test.MainTest" name="testLoginButtonDisabledWhenFieldAreEmpty" time="0.103"/>
  <testcase classname="test.MainTest" name="testInvalidLoginShowErrorMsg" time="0.207"/>
  <testcase classname="test.MainTest" name="testPasswordMaskedbutton" time="0.17"/>
</testsuite> <!-- Default test -->
