<?xml version="1.0" encoding="UTF-8"?>
<testng-results ignored="0" total="3" passed="3" failed="0" skipped="0">
  <reporter-output>
  </reporter-output>
  <suite started-at="2025-08-07T13:53:04 IST" name="Default suite" finished-at="2025-08-07T13:53:13 IST" duration-ms="8742">
    <groups>
    </groups>
    <test started-at="2025-08-07T13:53:04 IST" name="Default test" finished-at="2025-08-07T13:53:13 IST" duration-ms="8742">
      <class name="test.MainTest">
        <test-method is-config="true" signature="setup()[pri:0, instance:test.MainTest@55141def]" started-at="2025-08-07T13:53:04 IST" name="setup" finished-at="2025-08-07T13:53:08 IST" duration-ms="4366" status="PASS">
          <reporter-output>
          </reporter-output>
        </test-method> <!-- setup -->
        <test-method signature="testLoginButtonDisabledWhenFieldAreEmpty()[pri:1, instance:test.MainTest@55141def]" started-at="2025-08-07T13:53:08 IST" name="testLoginButtonDisabledWhenFieldAreEmpty" finished-at="2025-08-07T13:53:08 IST" duration-ms="103" status="PASS">
          <reporter-output>
          </reporter-output>
        </test-method> <!-- testLoginButtonDisabledWhenFieldAreEmpty -->
        <test-method is-config="true" signature="teardown()[pri:0, instance:test.MainTest@55141def]" started-at="2025-08-07T13:53:08 IST" name="teardown" finished-at="2025-08-07T13:53:08 IST" duration-ms="151" status="PASS">
          <reporter-output>
          </reporter-output>
        </test-method> <!-- teardown -->
        <test-method is-config="true" signature="setup()[pri:0, instance:test.MainTest@55141def]" started-at="2025-08-07T13:53:08 IST" name="setup" finished-at="2025-08-07T13:53:10 IST" duration-ms="1701" status="PASS">
          <reporter-output>
          </reporter-output>
        </test-method> <!-- setup -->
        <test-method signature="testInvalidLoginShowErrorMsg()[pri:2, instance:test.MainTest@55141def]" started-at="2025-08-07T13:53:10 IST" name="testInvalidLoginShowErrorMsg" finished-at="2025-08-07T13:53:10 IST" duration-ms="207" status="PASS">
          <reporter-output>
          </reporter-output>
        </test-method> <!-- testInvalidLoginShowErrorMsg -->
        <test-method is-config="true" signature="teardown()[pri:0, instance:test.MainTest@55141def]" started-at="2025-08-07T13:53:10 IST" name="teardown" finished-at="2025-08-07T13:53:11 IST" duration-ms="99" status="PASS">
          <reporter-output>
          </reporter-output>
        </test-method> <!-- teardown -->
        <test-method is-config="true" signature="setup()[pri:0, instance:test.MainTest@55141def]" started-at="2025-08-07T13:53:11 IST" name="setup" finished-at="2025-08-07T13:53:12 IST" duration-ms="1786" status="PASS">
          <reporter-output>
          </reporter-output>
        </test-method> <!-- setup -->
        <test-method signature="testPasswordMaskedbutton()[pri:3, instance:test.MainTest@55141def]" started-at="2025-08-07T13:53:12 IST" name="testPasswordMaskedbutton" finished-at="2025-08-07T13:53:12 IST" duration-ms="170" status="PASS">
          <reporter-output>
          </reporter-output>
        </test-method> <!-- testPasswordMaskedbutton -->
        <test-method is-config="true" signature="teardown()[pri:0, instance:test.MainTest@55141def]" started-at="2025-08-07T13:53:12 IST" name="teardown" finished-at="2025-08-07T13:53:13 IST" duration-ms="129" status="PASS">
          <reporter-output>
          </reporter-output>
        </test-method> <!-- teardown -->
      </class> <!-- test.MainTest -->
    </test> <!-- Default test -->
  </suite> <!-- Default suite -->
</testng-results>
