<?xml version="1.0" encoding="UTF-8"?>
<!-- Generated by org.testng.reporters.JUnitXMLReporter -->
<testsuite ignored="0" hostname="Shaik" failures="0" tests="3" name="test" time="9.825" errors="0" timestamp="2025-08-07T13:52:50 IST">
  <testcase classname="test.MainTest" name="testLoginButtonDisabledWhenFieldAreEmpty" time="0.107"/>
  <testcase classname="test.MainTest" name="testInvalidLoginShowErrorMsg" time="0.211"/>
  <testcase classname="test.MainTest" name="testPasswordMaskedbutton" time="0.172"/>
</testsuite> <!-- test -->
